<?xml version="1.0" encoding="UTF-8"?>
<!-- Generated by org.testng.reporters.JUnitXMLReporter -->
<testsuite hostname="Brij-SNH" ignored="1" name="JavaTrainingTest" tests="2" failures="0" timestamp="2020-11-25T17:09:15 IST" time="0.071" errors="0">
  <testcase name="test2" time="0.016" classname="com.xorJavaTraining.TestB"/>
  <testcase name="test1" time="0.002" classname="com.xorJavaTraining.TestA"/>
  <testcase name="test1" time="0.0" classname="com.xorJavaTraining.TestB">
    <ignored/>
  </testcase> <!-- test1 -->
</testsuite> <!-- JavaTrainingTest -->
