<?xml version="1.0" encoding="UTF-8"?>
<!-- Generated by org.testng.reporters.JUnitXMLReporter -->
<testsuite hostname="Brij-SNH" ignored="1" name="JavaTrainingTest" tests="2" failures="0" timestamp="2020-11-26T01:32:09 IST" time="0.031" errors="0">
  <testcase name="test2" time="0.011" classname="com.xorJavaTraining.TestB"/>
  <testcase name="test1" time="0.0" classname="com.xorJavaTraining.TestA"/>
  <testcase name="test1" time="0.0" classname="com.xorJavaTraining.TestB">
    <ignored/>
  </testcase> <!-- test1 -->
</testsuite> <!-- JavaTrainingTest -->
