<?xml version="1.0" encoding="UTF-8"?>
<testng-results skipped="0" failed="0" ignored="1" total="3" passed="2">
  <reporter-output>
  </reporter-output>
  <suite name="Suite" duration-ms="31" started-at="2020-11-26T01:32:09 IST" finished-at="2020-11-26T01:32:09 IST">
    <groups>
    </groups>
    <test name="JavaTrainingTest" duration-ms="31" started-at="2020-11-26T01:32:09 IST" finished-at="2020-11-26T01:32:09 IST">
      <class name="com.xorJavaTraining.TestB">
        <test-method status="PASS" signature="test2()[pri:0, instance:com.xorJavaTraining.TestB@13805618]" name="test2" duration-ms="11" started-at="2020-11-26T01:32:09 IST" finished-at="2020-11-26T01:32:09 IST">
          <reporter-output>
          </reporter-output>
        </test-method> <!-- test2 -->
      </class> <!-- com.xorJavaTraining.TestB -->
      <class name="com.xorJavaTraining.TestA">
        <test-method status="PASS" signature="test1()[pri:0, instance:com.xorJavaTraining.TestA@56ef9176]" name="test1" duration-ms="0" started-at="2020-11-26T01:32:09 IST" finished-at="2020-11-26T01:32:09 IST">
          <reporter-output>
          </reporter-output>
        </test-method> <!-- test1 -->
      </class> <!-- com.xorJavaTraining.TestA -->
    </test> <!-- JavaTrainingTest -->
  </suite> <!-- Suite -->
</testng-results>
